
2024/12/11 (16:16:16) | ===> btop++ v.1.4.0
2024/12/11 (16:16:16) | WARNING: ROCm SMI: Failed to get maximum GPU power draw, defaulting to 225W
2024/12/11 (16:16:16) | WARNING: ROCm SMI: Failed to get maximum GPU temperature, defaulting to 110°C
2024/12/11 (16:16:16) | WARNING: ROCm SMI: Failed to get VRAM utilization
2024/12/11 (16:16:16) | WARNING: ROCm SMI: Failed to get GPU power usage
2024/12/11 (16:16:16) | WARNING: ROCm SMI: Failed to get PCIe throughput

2024/12/11 (16:16:39) | ===> btop++ v.1.4.0
2024/12/11 (16:16:39) | WARNING: ROCm SMI: Failed to get maximum GPU power draw, defaulting to 225W
2024/12/11 (16:16:39) | WARNING: ROCm SMI: Failed to get maximum GPU temperature, defaulting to 110°C
2024/12/11 (16:16:39) | WARNING: ROCm SMI: Failed to get VRAM utilization
2024/12/11 (16:16:39) | WARNING: ROCm SMI: Failed to get GPU power usage
2024/12/11 (16:16:39) | WARNING: ROCm SMI: Failed to get PCIe throughput

2024/12/11 (16:17:20) | ===> btop++ v.1.4.0
2024/12/11 (16:17:20) | WARNING: ROCm SMI: Failed to get maximum GPU power draw, defaulting to 225W
2024/12/11 (16:17:20) | WARNING: ROCm SMI: Failed to get maximum GPU temperature, defaulting to 110°C
2024/12/11 (16:17:20) | WARNING: ROCm SMI: Failed to get VRAM utilization
2024/12/11 (16:17:20) | WARNING: ROCm SMI: Failed to get GPU power usage
2024/12/11 (16:17:20) | WARNING: ROCm SMI: Failed to get PCIe throughput

2024/12/11 (16:21:04) | ===> btop++ v.1.4.0
2024/12/11 (16:21:04) | WARNING: ROCm SMI: Failed to get maximum GPU power draw, defaulting to 225W
2024/12/11 (16:21:04) | WARNING: ROCm SMI: Failed to get maximum GPU temperature, defaulting to 110°C
2024/12/11 (16:21:04) | WARNING: ROCm SMI: Failed to get VRAM utilization
2024/12/11 (16:21:04) | WARNING: ROCm SMI: Failed to get GPU power usage
2024/12/11 (16:21:04) | WARNING: ROCm SMI: Failed to get PCIe throughput

2024/12/15 (17:14:02) | ===> btop++ v.1.4.0
2024/12/15 (17:14:02) | WARNING: ROCm SMI: Failed to get maximum GPU power draw, defaulting to 225W
2024/12/15 (17:14:02) | WARNING: ROCm SMI: Failed to get maximum GPU temperature, defaulting to 110°C
2024/12/15 (17:14:02) | WARNING: ROCm SMI: Failed to get VRAM utilization
2024/12/15 (17:14:02) | WARNING: ROCm SMI: Failed to get GPU power usage
2024/12/15 (17:14:02) | WARNING: ROCm SMI: Failed to get PCIe throughput

2024/12/15 (17:20:24) | ===> btop++ v.1.4.0
2024/12/15 (17:20:24) | WARNING: ROCm SMI: Failed to get maximum GPU power draw, defaulting to 225W
2024/12/15 (17:20:24) | WARNING: ROCm SMI: Failed to get maximum GPU temperature, defaulting to 110°C
2024/12/15 (17:20:24) | WARNING: ROCm SMI: Failed to get VRAM utilization
2024/12/15 (17:20:24) | WARNING: ROCm SMI: Failed to get GPU power usage
2024/12/15 (17:20:24) | WARNING: ROCm SMI: Failed to get PCIe throughput

2024/12/15 (20:17:48) | ===> btop++ v.1.4.0
2024/12/15 (20:17:48) | WARNING: ROCm SMI: Failed to get maximum GPU power draw, defaulting to 225W
2024/12/15 (20:17:48) | WARNING: ROCm SMI: Failed to get maximum GPU temperature, defaulting to 110°C
2024/12/15 (20:17:48) | WARNING: ROCm SMI: Failed to get VRAM utilization
2024/12/15 (20:17:48) | WARNING: ROCm SMI: Failed to get GPU power usage
2024/12/15 (20:17:48) | WARNING: ROCm SMI: Failed to get PCIe throughput

2024/12/15 (20:36:48) | ===> btop++ v.1.4.0
2024/12/15 (20:36:48) | WARNING: ROCm SMI: Failed to get maximum GPU power draw, defaulting to 225W
2024/12/15 (20:36:48) | WARNING: ROCm SMI: Failed to get maximum GPU temperature, defaulting to 110°C
2024/12/15 (20:36:48) | WARNING: ROCm SMI: Failed to get VRAM utilization
2024/12/15 (20:36:48) | WARNING: ROCm SMI: Failed to get GPU power usage
2024/12/15 (20:36:48) | WARNING: ROCm SMI: Failed to get PCIe throughput

2024/12/15 (20:39:34) | ===> btop++ v.1.4.0
2024/12/15 (20:39:34) | WARNING: ROCm SMI: Failed to get maximum GPU power draw, defaulting to 225W
2024/12/15 (20:39:34) | WARNING: ROCm SMI: Failed to get maximum GPU temperature, defaulting to 110°C
2024/12/15 (20:39:34) | WARNING: ROCm SMI: Failed to get VRAM utilization
2024/12/15 (20:39:34) | WARNING: ROCm SMI: Failed to get GPU power usage
2024/12/15 (20:39:34) | WARNING: ROCm SMI: Failed to get PCIe throughput

2024/12/16 (22:28:33) | ===> btop++ v.1.4.0
2024/12/16 (22:28:33) | WARNING: ROCm SMI: Failed to get maximum GPU power draw, defaulting to 225W
2024/12/16 (22:28:33) | WARNING: ROCm SMI: Failed to get maximum GPU temperature, defaulting to 110°C
2024/12/16 (22:28:33) | WARNING: ROCm SMI: Failed to get VRAM utilization
2024/12/16 (22:28:33) | WARNING: ROCm SMI: Failed to get GPU power usage
2024/12/16 (22:28:33) | WARNING: ROCm SMI: Failed to get PCIe throughput

2024/12/16 (23:38:47) | ===> btop++ v.1.4.0
2024/12/16 (23:38:47) | WARNING: ROCm SMI: Failed to get maximum GPU power draw, defaulting to 225W
2024/12/16 (23:38:47) | WARNING: ROCm SMI: Failed to get maximum GPU temperature, defaulting to 110°C
2024/12/16 (23:38:47) | WARNING: ROCm SMI: Failed to get VRAM utilization
2024/12/16 (23:38:47) | WARNING: ROCm SMI: Failed to get GPU power usage
2024/12/16 (23:38:47) | WARNING: ROCm SMI: Failed to get PCIe throughput

2024/12/19 (02:39:43) | ===> btop++ v.1.4.0
2024/12/19 (02:39:43) | WARNING: ROCm SMI: Failed to get maximum GPU power draw, defaulting to 225W
2024/12/19 (02:39:43) | WARNING: ROCm SMI: Failed to get maximum GPU temperature, defaulting to 110°C
2024/12/19 (02:39:43) | WARNING: ROCm SMI: Failed to get VRAM utilization
2024/12/19 (02:39:43) | WARNING: ROCm SMI: Failed to get GPU power usage
2024/12/19 (02:39:43) | WARNING: ROCm SMI: Failed to get PCIe throughput

2024/12/19 (08:43:48) | ===> btop++ v.1.4.0
2024/12/19 (08:43:48) | WARNING: ROCm SMI: Failed to get maximum GPU power draw, defaulting to 225W
2024/12/19 (08:43:48) | WARNING: ROCm SMI: Failed to get maximum GPU temperature, defaulting to 110°C
2024/12/19 (08:43:48) | WARNING: ROCm SMI: Failed to get VRAM utilization
2024/12/19 (08:43:48) | WARNING: ROCm SMI: Failed to get GPU power usage
2024/12/19 (08:43:48) | WARNING: ROCm SMI: Failed to get PCIe throughput

2024/12/20 (08:54:42) | ===> btop++ v.1.4.0
2024/12/20 (08:54:42) | WARNING: ROCm SMI: Failed to get maximum GPU power draw, defaulting to 225W
2024/12/20 (08:54:42) | WARNING: ROCm SMI: Failed to get maximum GPU temperature, defaulting to 110°C
2024/12/20 (08:54:42) | WARNING: ROCm SMI: Failed to get VRAM utilization
2024/12/20 (08:54:42) | WARNING: ROCm SMI: Failed to get GPU power usage
2024/12/20 (08:54:42) | WARNING: ROCm SMI: Failed to get PCIe throughput

2024/12/20 (23:48:33) | ===> btop++ v.1.4.0
2024/12/20 (23:48:33) | WARNING: ROCm SMI: Failed to get maximum GPU power draw, defaulting to 225W
2024/12/20 (23:48:33) | WARNING: ROCm SMI: Failed to get maximum GPU temperature, defaulting to 110°C
2024/12/20 (23:48:33) | WARNING: ROCm SMI: Failed to get VRAM utilization
2024/12/20 (23:48:33) | WARNING: ROCm SMI: Failed to get GPU power usage
2024/12/20 (23:48:33) | WARNING: ROCm SMI: Failed to get PCIe throughput

2024/12/21 (00:08:32) | ===> btop++ v.1.4.0
2024/12/21 (00:08:32) | WARNING: ROCm SMI: Failed to get maximum GPU power draw, defaulting to 225W
2024/12/21 (00:08:32) | WARNING: ROCm SMI: Failed to get maximum GPU temperature, defaulting to 110°C
2024/12/21 (00:08:32) | WARNING: ROCm SMI: Failed to get VRAM utilization
2024/12/21 (00:08:32) | WARNING: ROCm SMI: Failed to get GPU power usage
2024/12/21 (00:08:32) | WARNING: ROCm SMI: Failed to get PCIe throughput

2024/12/24 (09:45:31) | ===> btop++ v.1.4.0
2024/12/24 (09:45:31) | WARNING: ROCm SMI: Failed to get maximum GPU power draw, defaulting to 225W
2024/12/24 (09:45:31) | WARNING: ROCm SMI: Failed to get maximum GPU temperature, defaulting to 110°C
2024/12/24 (09:45:31) | WARNING: ROCm SMI: Failed to get VRAM utilization
2024/12/24 (09:45:31) | WARNING: ROCm SMI: Failed to get GPU power usage
2024/12/24 (09:45:31) | WARNING: ROCm SMI: Failed to get PCIe throughput

2024/12/24 (09:47:42) | ===> btop++ v.1.4.0
2024/12/24 (09:47:42) | WARNING: ROCm SMI: Failed to get maximum GPU power draw, defaulting to 225W
2024/12/24 (09:47:42) | WARNING: ROCm SMI: Failed to get maximum GPU temperature, defaulting to 110°C
2024/12/24 (09:47:42) | WARNING: ROCm SMI: Failed to get VRAM utilization
2024/12/24 (09:47:42) | WARNING: ROCm SMI: Failed to get GPU power usage
2024/12/24 (09:47:42) | WARNING: ROCm SMI: Failed to get PCIe throughput

2024/12/24 (09:55:27) | ===> btop++ v.1.4.0
2024/12/24 (09:55:27) | WARNING: ROCm SMI: Failed to get maximum GPU power draw, defaulting to 225W
2024/12/24 (09:55:27) | WARNING: ROCm SMI: Failed to get maximum GPU temperature, defaulting to 110°C
2024/12/24 (09:55:27) | WARNING: ROCm SMI: Failed to get VRAM utilization
2024/12/24 (09:55:27) | WARNING: ROCm SMI: Failed to get GPU power usage
2024/12/24 (09:55:27) | WARNING: ROCm SMI: Failed to get PCIe throughput

2024/12/24 (10:07:07) | ===> btop++ v.1.4.0
2024/12/24 (10:07:07) | WARNING: ROCm SMI: Failed to get maximum GPU power draw, defaulting to 225W
2024/12/24 (10:07:07) | WARNING: ROCm SMI: Failed to get maximum GPU temperature, defaulting to 110°C
2024/12/24 (10:07:07) | WARNING: ROCm SMI: Failed to get VRAM utilization
2024/12/24 (10:07:07) | WARNING: ROCm SMI: Failed to get GPU power usage
2024/12/24 (10:07:07) | WARNING: ROCm SMI: Failed to get PCIe throughput

2024/12/24 (16:47:55) | ===> btop++ v.1.4.0
2024/12/24 (16:47:55) | WARNING: ROCm SMI: Failed to get maximum GPU power draw, defaulting to 225W
2024/12/24 (16:47:55) | WARNING: ROCm SMI: Failed to get maximum GPU temperature, defaulting to 110°C
2024/12/24 (16:47:55) | WARNING: ROCm SMI: Failed to get VRAM utilization
2024/12/24 (16:47:55) | WARNING: ROCm SMI: Failed to get GPU power usage
2024/12/24 (16:47:55) | WARNING: ROCm SMI: Failed to get PCIe throughput

2024/12/24 (17:43:53) | ===> btop++ v.1.4.0
2024/12/24 (17:43:53) | WARNING: ROCm SMI: Failed to get maximum GPU power draw, defaulting to 225W
2024/12/24 (17:43:53) | WARNING: ROCm SMI: Failed to get maximum GPU temperature, defaulting to 110°C
2024/12/24 (17:43:53) | WARNING: ROCm SMI: Failed to get VRAM utilization
2024/12/24 (17:43:53) | WARNING: ROCm SMI: Failed to get GPU power usage
2024/12/24 (17:43:53) | WARNING: ROCm SMI: Failed to get PCIe throughput

2024/12/25 (12:17:04) | ===> btop++ v.1.4.0
2024/12/25 (12:17:04) | WARNING: ROCm SMI: Failed to get maximum GPU power draw, defaulting to 225W
2024/12/25 (12:17:04) | WARNING: ROCm SMI: Failed to get maximum GPU temperature, defaulting to 110°C
2024/12/25 (12:17:04) | WARNING: ROCm SMI: Failed to get VRAM utilization
2024/12/25 (12:17:04) | WARNING: ROCm SMI: Failed to get GPU power usage
2024/12/25 (12:17:04) | WARNING: ROCm SMI: Failed to get PCIe throughput

2024/12/25 (12:18:45) | ===> btop++ v.1.4.0
2024/12/25 (12:18:45) | WARNING: ROCm SMI: Failed to get maximum GPU power draw, defaulting to 225W
2024/12/25 (12:18:45) | WARNING: ROCm SMI: Failed to get maximum GPU temperature, defaulting to 110°C
2024/12/25 (12:18:45) | WARNING: ROCm SMI: Failed to get VRAM utilization
2024/12/25 (12:18:45) | WARNING: ROCm SMI: Failed to get GPU power usage
2024/12/25 (12:18:45) | WARNING: ROCm SMI: Failed to get PCIe throughput

2024/12/25 (12:19:44) | ===> btop++ v.1.4.0
2024/12/25 (12:19:44) | WARNING: ROCm SMI: Failed to get maximum GPU power draw, defaulting to 225W
2024/12/25 (12:19:44) | WARNING: ROCm SMI: Failed to get maximum GPU temperature, defaulting to 110°C
2024/12/25 (12:19:44) | WARNING: ROCm SMI: Failed to get VRAM utilization
2024/12/25 (12:19:44) | WARNING: ROCm SMI: Failed to get GPU power usage
2024/12/25 (12:19:44) | WARNING: ROCm SMI: Failed to get PCIe throughput

2024/12/25 (12:19:50) | ===> btop++ v.1.4.0
2024/12/25 (12:19:50) | WARNING: ROCm SMI: Failed to get maximum GPU power draw, defaulting to 225W
2024/12/25 (12:19:50) | WARNING: ROCm SMI: Failed to get maximum GPU temperature, defaulting to 110°C
2024/12/25 (12:19:50) | WARNING: ROCm SMI: Failed to get VRAM utilization
2024/12/25 (12:19:50) | WARNING: ROCm SMI: Failed to get GPU power usage
2024/12/25 (12:19:50) | WARNING: ROCm SMI: Failed to get PCIe throughput

2024/12/26 (07:52:47) | ===> btop++ v.1.4.0
2024/12/26 (07:52:47) | WARNING: ROCm SMI: Failed to get maximum GPU power draw, defaulting to 225W
2024/12/26 (07:52:47) | WARNING: ROCm SMI: Failed to get maximum GPU temperature, defaulting to 110°C
2024/12/26 (07:52:47) | WARNING: ROCm SMI: Failed to get VRAM utilization
2024/12/26 (07:52:47) | WARNING: ROCm SMI: Failed to get GPU power usage
2024/12/26 (07:52:47) | WARNING: ROCm SMI: Failed to get PCIe throughput

2024/12/26 (14:31:33) | ===> btop++ v.1.4.0
2024/12/26 (14:31:33) | WARNING: ROCm SMI: Failed to get maximum GPU power draw, defaulting to 225W
2024/12/26 (14:31:33) | WARNING: ROCm SMI: Failed to get maximum GPU temperature, defaulting to 110°C
2024/12/26 (14:31:33) | WARNING: ROCm SMI: Failed to get VRAM utilization
2024/12/26 (14:31:33) | WARNING: ROCm SMI: Failed to get GPU power usage
2024/12/26 (14:31:33) | WARNING: ROCm SMI: Failed to get PCIe throughput

2024/12/28 (19:25:03) | ===> btop++ v.1.4.0
2024/12/28 (19:25:03) | WARNING: ROCm SMI: Failed to get maximum GPU power draw, defaulting to 225W
2024/12/28 (19:25:03) | WARNING: ROCm SMI: Failed to get maximum GPU temperature, defaulting to 110°C
2024/12/28 (19:25:03) | WARNING: ROCm SMI: Failed to get VRAM utilization
2024/12/28 (19:25:03) | WARNING: ROCm SMI: Failed to get GPU power usage
2024/12/28 (19:25:03) | WARNING: ROCm SMI: Failed to get PCIe throughput

2024/12/28 (19:25:29) | ===> btop++ v.1.4.0
2024/12/28 (19:25:29) | WARNING: ROCm SMI: Failed to get maximum GPU power draw, defaulting to 225W
2024/12/28 (19:25:29) | WARNING: ROCm SMI: Failed to get maximum GPU temperature, defaulting to 110°C
2024/12/28 (19:25:29) | WARNING: ROCm SMI: Failed to get VRAM utilization
2024/12/28 (19:25:29) | WARNING: ROCm SMI: Failed to get GPU power usage
2024/12/28 (19:25:29) | WARNING: ROCm SMI: Failed to get PCIe throughput

2024/12/28 (19:50:39) | ===> btop++ v.1.4.0
2024/12/28 (19:50:39) | WARNING: ROCm SMI: Failed to get maximum GPU power draw, defaulting to 225W
2024/12/28 (19:50:39) | WARNING: ROCm SMI: Failed to get maximum GPU temperature, defaulting to 110°C
2024/12/28 (19:50:39) | WARNING: ROCm SMI: Failed to get VRAM utilization
2024/12/28 (19:50:39) | WARNING: ROCm SMI: Failed to get GPU power usage
2024/12/28 (19:50:39) | WARNING: ROCm SMI: Failed to get PCIe throughput

2024/12/31 (21:19:35) | ===> btop++ v.1.4.0
2024/12/31 (21:19:35) | WARNING: ROCm SMI: Failed to get maximum GPU power draw, defaulting to 225W
2024/12/31 (21:19:35) | WARNING: ROCm SMI: Failed to get maximum GPU temperature, defaulting to 110°C
2024/12/31 (21:19:35) | WARNING: ROCm SMI: Failed to get VRAM utilization
2024/12/31 (21:19:35) | WARNING: ROCm SMI: Failed to get GPU power usage
2024/12/31 (21:19:35) | WARNING: ROCm SMI: Failed to get PCIe throughput

2024/12/31 (21:31:01) | ===> btop++ v.1.4.0
2024/12/31 (21:31:01) | WARNING: ROCm SMI: Failed to get maximum GPU power draw, defaulting to 225W
2024/12/31 (21:31:01) | WARNING: ROCm SMI: Failed to get maximum GPU temperature, defaulting to 110°C
2024/12/31 (21:31:01) | WARNING: ROCm SMI: Failed to get VRAM utilization
2024/12/31 (21:31:01) | WARNING: ROCm SMI: Failed to get GPU power usage
2024/12/31 (21:31:01) | WARNING: ROCm SMI: Failed to get PCIe throughput

2024/12/31 (21:33:55) | ===> btop++ v.1.4.0
2024/12/31 (21:33:55) | WARNING: ROCm SMI: Failed to get maximum GPU power draw, defaulting to 225W
2024/12/31 (21:33:55) | WARNING: ROCm SMI: Failed to get maximum GPU temperature, defaulting to 110°C
2024/12/31 (21:33:55) | WARNING: ROCm SMI: Failed to get VRAM utilization
2024/12/31 (21:33:55) | WARNING: ROCm SMI: Failed to get GPU power usage
2024/12/31 (21:33:55) | WARNING: ROCm SMI: Failed to get PCIe throughput

2024/12/31 (21:35:37) | ===> btop++ v.1.4.0
2024/12/31 (21:35:37) | WARNING: ROCm SMI: Failed to get maximum GPU power draw, defaulting to 225W
2024/12/31 (21:35:37) | WARNING: ROCm SMI: Failed to get maximum GPU temperature, defaulting to 110°C
2024/12/31 (21:35:37) | WARNING: ROCm SMI: Failed to get VRAM utilization
2024/12/31 (21:35:37) | WARNING: ROCm SMI: Failed to get GPU power usage
2024/12/31 (21:35:37) | WARNING: ROCm SMI: Failed to get PCIe throughput

2024/12/31 (22:24:01) | ===> btop++ v.1.4.0
2024/12/31 (22:24:01) | WARNING: ROCm SMI: Failed to get maximum GPU power draw, defaulting to 225W
2024/12/31 (22:24:01) | WARNING: ROCm SMI: Failed to get maximum GPU temperature, defaulting to 110°C
2024/12/31 (22:24:01) | WARNING: ROCm SMI: Failed to get VRAM utilization
2024/12/31 (22:24:01) | WARNING: ROCm SMI: Failed to get GPU power usage
2024/12/31 (22:24:01) | WARNING: ROCm SMI: Failed to get PCIe throughput

2025/01/02 (15:06:44) | ===> btop++ v.1.4.0
2025/01/02 (15:06:44) | WARNING: ROCm SMI: Failed to get maximum GPU power draw, defaulting to 225W
2025/01/02 (15:06:44) | WARNING: ROCm SMI: Failed to get maximum GPU temperature, defaulting to 110°C
2025/01/02 (15:06:44) | WARNING: ROCm SMI: Failed to get VRAM utilization
2025/01/02 (15:06:44) | WARNING: ROCm SMI: Failed to get GPU power usage
2025/01/02 (15:06:44) | WARNING: ROCm SMI: Failed to get PCIe throughput

2025/01/03 (16:17:14) | ===> btop++ v.1.4.0
2025/01/03 (16:17:14) | WARNING: ROCm SMI: Failed to get maximum GPU power draw, defaulting to 225W
2025/01/03 (16:17:14) | WARNING: ROCm SMI: Failed to get maximum GPU temperature, defaulting to 110°C
2025/01/03 (16:17:14) | WARNING: ROCm SMI: Failed to get VRAM utilization
2025/01/03 (16:17:14) | WARNING: ROCm SMI: Failed to get GPU power usage
2025/01/03 (16:17:14) | WARNING: ROCm SMI: Failed to get PCIe throughput

2025/01/03 (17:11:45) | ===> btop++ v.1.4.0
2025/01/03 (17:11:45) | WARNING: ROCm SMI: Failed to get maximum GPU power draw, defaulting to 225W
2025/01/03 (17:11:45) | WARNING: ROCm SMI: Failed to get maximum GPU temperature, defaulting to 110°C
2025/01/03 (17:11:45) | WARNING: ROCm SMI: Failed to get VRAM utilization
2025/01/03 (17:11:45) | WARNING: ROCm SMI: Failed to get GPU power usage
2025/01/03 (17:11:45) | WARNING: ROCm SMI: Failed to get PCIe throughput

2025/01/05 (00:36:43) | ===> btop++ v.1.4.0
2025/01/05 (00:36:43) | WARNING: ROCm SMI: Failed to get maximum GPU power draw, defaulting to 225W
2025/01/05 (00:36:43) | WARNING: ROCm SMI: Failed to get maximum GPU temperature, defaulting to 110°C
2025/01/05 (00:36:43) | WARNING: ROCm SMI: Failed to get VRAM utilization
2025/01/05 (00:36:43) | WARNING: ROCm SMI: Failed to get GPU power usage
2025/01/05 (00:36:43) | WARNING: ROCm SMI: Failed to get PCIe throughput

2025/01/06 (13:01:07) | ===> btop++ v.1.4.0
2025/01/06 (13:01:07) | WARNING: ROCm SMI: Failed to get maximum GPU power draw, defaulting to 225W
2025/01/06 (13:01:07) | WARNING: ROCm SMI: Failed to get maximum GPU temperature, defaulting to 110°C
2025/01/06 (13:01:07) | WARNING: ROCm SMI: Failed to get VRAM utilization
2025/01/06 (13:01:07) | WARNING: ROCm SMI: Failed to get GPU power usage
2025/01/06 (13:01:07) | WARNING: ROCm SMI: Failed to get PCIe throughput

2025/01/07 (09:58:07) | ===> btop++ v.1.4.0
2025/01/07 (09:58:07) | WARNING: ROCm SMI: Failed to get maximum GPU power draw, defaulting to 225W
2025/01/07 (09:58:07) | WARNING: ROCm SMI: Failed to get maximum GPU temperature, defaulting to 110°C
2025/01/07 (09:58:07) | WARNING: ROCm SMI: Failed to get VRAM utilization
2025/01/07 (09:58:07) | WARNING: ROCm SMI: Failed to get GPU power usage
2025/01/07 (09:58:07) | WARNING: ROCm SMI: Failed to get PCIe throughput

2025/01/07 (18:55:45) | ===> btop++ v.1.4.0
2025/01/07 (18:55:45) | WARNING: ROCm SMI: Failed to get maximum GPU power draw, defaulting to 225W
2025/01/07 (18:55:45) | WARNING: ROCm SMI: Failed to get maximum GPU temperature, defaulting to 110°C
2025/01/07 (18:55:45) | WARNING: ROCm SMI: Failed to get VRAM utilization
2025/01/07 (18:55:45) | WARNING: ROCm SMI: Failed to get GPU power usage
2025/01/07 (18:55:45) | WARNING: ROCm SMI: Failed to get PCIe throughput

2025/01/09 (21:57:46) | ===> btop++ v.1.4.0
2025/01/09 (21:57:46) | WARNING: ROCm SMI: Failed to get maximum GPU power draw, defaulting to 225W
2025/01/09 (21:57:46) | WARNING: ROCm SMI: Failed to get maximum GPU temperature, defaulting to 110°C
2025/01/09 (21:57:46) | WARNING: ROCm SMI: Failed to get VRAM utilization
2025/01/09 (21:57:46) | WARNING: ROCm SMI: Failed to get GPU power usage
2025/01/09 (21:57:46) | WARNING: ROCm SMI: Failed to get PCIe throughput

2025/01/19 (17:44:31) | ===> btop++ v.1.4.0
2025/01/19 (17:44:31) | WARNING: ROCm SMI: Failed to get maximum GPU power draw, defaulting to 225W
2025/01/19 (17:44:31) | WARNING: ROCm SMI: Failed to get maximum GPU temperature, defaulting to 110°C
2025/01/19 (17:44:31) | WARNING: ROCm SMI: Failed to get VRAM utilization
2025/01/19 (17:44:31) | WARNING: ROCm SMI: Failed to get GPU power usage
2025/01/19 (17:44:31) | WARNING: ROCm SMI: Failed to get PCIe throughput

2025/01/24 (05:30:11) | ===> btop++ v.1.4.0
2025/01/24 (05:30:11) | WARNING: ROCm SMI: Failed to get maximum GPU power draw, defaulting to 225W
2025/01/24 (05:30:11) | WARNING: ROCm SMI: Failed to get maximum GPU temperature, defaulting to 110°C
2025/01/24 (05:30:11) | WARNING: ROCm SMI: Failed to get VRAM utilization
2025/01/24 (05:30:11) | WARNING: ROCm SMI: Failed to get GPU power usage
2025/01/24 (05:30:11) | WARNING: ROCm SMI: Failed to get PCIe throughput

2025/01/26 (17:21:43) | ===> btop++ v.1.4.0
2025/01/26 (17:21:43) | WARNING: ROCm SMI: Failed to get maximum GPU power draw, defaulting to 225W
2025/01/26 (17:21:43) | WARNING: ROCm SMI: Failed to get maximum GPU temperature, defaulting to 110°C
2025/01/26 (17:21:43) | WARNING: ROCm SMI: Failed to get VRAM utilization
2025/01/26 (17:21:43) | WARNING: ROCm SMI: Failed to get GPU power usage
2025/01/26 (17:21:43) | WARNING: ROCm SMI: Failed to get PCIe throughput

2025/02/04 (10:25:42) | ===> btop++ v.1.4.0
2025/02/04 (10:25:42) | WARNING: ROCm SMI: Failed to get maximum GPU power draw, defaulting to 225W
2025/02/04 (10:25:42) | WARNING: ROCm SMI: Failed to get maximum GPU temperature, defaulting to 110°C
2025/02/04 (10:25:42) | WARNING: ROCm SMI: Failed to get VRAM utilization
2025/02/04 (10:25:42) | WARNING: ROCm SMI: Failed to get GPU power usage
2025/02/04 (10:25:42) | WARNING: ROCm SMI: Failed to get PCIe throughput

2025/02/05 (10:33:32) | ===> btop++ v.1.4.0
2025/02/05 (10:33:32) | WARNING: ROCm SMI: Failed to get maximum GPU power draw, defaulting to 225W
2025/02/05 (10:33:32) | WARNING: ROCm SMI: Failed to get maximum GPU temperature, defaulting to 110°C
2025/02/05 (10:33:32) | WARNING: ROCm SMI: Failed to get VRAM utilization
2025/02/05 (10:33:32) | WARNING: ROCm SMI: Failed to get GPU power usage
2025/02/05 (10:33:32) | WARNING: ROCm SMI: Failed to get PCIe throughput

2025/02/08 (19:26:09) | ===> btop++ v.1.4.0
2025/02/08 (19:26:09) | WARNING: ROCm SMI: Failed to get maximum GPU power draw, defaulting to 225W
2025/02/08 (19:26:09) | WARNING: ROCm SMI: Failed to get maximum GPU temperature, defaulting to 110°C
2025/02/08 (19:26:09) | WARNING: ROCm SMI: Failed to get VRAM utilization
2025/02/08 (19:26:09) | WARNING: ROCm SMI: Failed to get GPU power usage
2025/02/08 (19:26:09) | WARNING: ROCm SMI: Failed to get PCIe throughput

2025/02/08 (19:26:53) | ===> btop++ v.1.4.0
2025/02/08 (19:26:53) | WARNING: ROCm SMI: Failed to get maximum GPU power draw, defaulting to 225W
2025/02/08 (19:26:53) | WARNING: ROCm SMI: Failed to get maximum GPU temperature, defaulting to 110°C
2025/02/08 (19:26:53) | WARNING: ROCm SMI: Failed to get VRAM utilization
2025/02/08 (19:26:53) | WARNING: ROCm SMI: Failed to get GPU power usage
2025/02/08 (19:26:53) | WARNING: ROCm SMI: Failed to get PCIe throughput

2025/02/09 (08:33:28) | ===> btop++ v.1.4.0
2025/02/09 (08:33:28) | WARNING: ROCm SMI: Failed to get maximum GPU power draw, defaulting to 225W
2025/02/09 (08:33:28) | WARNING: ROCm SMI: Failed to get maximum GPU temperature, defaulting to 110°C
2025/02/09 (08:33:28) | WARNING: ROCm SMI: Failed to get VRAM utilization
2025/02/09 (08:33:28) | WARNING: ROCm SMI: Failed to get GPU power usage
2025/02/09 (08:33:28) | WARNING: ROCm SMI: Failed to get PCIe throughput

2025/02/09 (08:38:59) | ===> btop++ v.1.4.0
2025/02/09 (08:38:59) | WARNING: ROCm SMI: Failed to get maximum GPU power draw, defaulting to 225W
2025/02/09 (08:38:59) | WARNING: ROCm SMI: Failed to get maximum GPU temperature, defaulting to 110°C
2025/02/09 (08:38:59) | WARNING: ROCm SMI: Failed to get VRAM utilization
2025/02/09 (08:38:59) | WARNING: ROCm SMI: Failed to get GPU power usage
2025/02/09 (08:38:59) | WARNING: ROCm SMI: Failed to get PCIe throughput

2025/02/10 (08:43:56) | ===> btop++ v.1.4.0
2025/02/10 (08:43:56) | WARNING: ROCm SMI: Failed to get maximum GPU power draw, defaulting to 225W
2025/02/10 (08:43:56) | WARNING: ROCm SMI: Failed to get maximum GPU temperature, defaulting to 110°C
2025/02/10 (08:43:56) | WARNING: ROCm SMI: Failed to get VRAM utilization
2025/02/10 (08:43:56) | WARNING: ROCm SMI: Failed to get GPU power usage
2025/02/10 (08:43:56) | WARNING: ROCm SMI: Failed to get PCIe throughput

2025/02/10 (08:46:03) | ===> btop++ v.1.4.0
2025/02/10 (08:46:03) | WARNING: ROCm SMI: Failed to get maximum GPU power draw, defaulting to 225W
2025/02/10 (08:46:03) | WARNING: ROCm SMI: Failed to get maximum GPU temperature, defaulting to 110°C
2025/02/10 (08:46:03) | WARNING: ROCm SMI: Failed to get VRAM utilization
2025/02/10 (08:46:03) | WARNING: ROCm SMI: Failed to get GPU power usage
2025/02/10 (08:46:03) | WARNING: ROCm SMI: Failed to get PCIe throughput

2025/02/10 (08:52:30) | ===> btop++ v.1.4.0
2025/02/10 (08:52:30) | WARNING: ROCm SMI: Failed to get maximum GPU power draw, defaulting to 225W
2025/02/10 (08:52:30) | WARNING: ROCm SMI: Failed to get maximum GPU temperature, defaulting to 110°C
2025/02/10 (08:52:30) | WARNING: ROCm SMI: Failed to get VRAM utilization
2025/02/10 (08:52:30) | WARNING: ROCm SMI: Failed to get GPU power usage
2025/02/10 (08:52:30) | WARNING: ROCm SMI: Failed to get PCIe throughput

2025/02/10 (08:52:32) | ===> btop++ v.1.4.0
2025/02/10 (08:52:32) | WARNING: ROCm SMI: Failed to get maximum GPU power draw, defaulting to 225W
2025/02/10 (08:52:32) | WARNING: ROCm SMI: Failed to get maximum GPU temperature, defaulting to 110°C
2025/02/10 (08:52:32) | WARNING: ROCm SMI: Failed to get VRAM utilization
2025/02/10 (08:52:32) | WARNING: ROCm SMI: Failed to get GPU power usage
2025/02/10 (08:52:32) | WARNING: ROCm SMI: Failed to get PCIe throughput

2025/02/10 (08:52:32) | ===> btop++ v.1.4.0
2025/02/10 (08:52:32) | WARNING: ROCm SMI: Failed to get maximum GPU power draw, defaulting to 225W
2025/02/10 (08:52:32) | WARNING: ROCm SMI: Failed to get maximum GPU temperature, defaulting to 110°C
2025/02/10 (08:52:32) | WARNING: ROCm SMI: Failed to get VRAM utilization
2025/02/10 (08:52:32) | WARNING: ROCm SMI: Failed to get GPU power usage
2025/02/10 (08:52:32) | WARNING: ROCm SMI: Failed to get PCIe throughput

2025/02/10 (08:52:32) | ===> btop++ v.1.4.0
2025/02/10 (08:52:32) | WARNING: ROCm SMI: Failed to get maximum GPU power draw, defaulting to 225W
2025/02/10 (08:52:32) | WARNING: ROCm SMI: Failed to get maximum GPU temperature, defaulting to 110°C
2025/02/10 (08:52:32) | WARNING: ROCm SMI: Failed to get VRAM utilization
2025/02/10 (08:52:32) | WARNING: ROCm SMI: Failed to get GPU power usage
2025/02/10 (08:52:32) | WARNING: ROCm SMI: Failed to get PCIe throughput

2025/02/11 (10:13:25) | ===> btop++ v.1.4.0
2025/02/11 (10:13:25) | WARNING: ROCm SMI: Failed to get maximum GPU power draw, defaulting to 225W
2025/02/11 (10:13:25) | WARNING: ROCm SMI: Failed to get maximum GPU temperature, defaulting to 110°C
2025/02/11 (10:13:25) | WARNING: ROCm SMI: Failed to get VRAM utilization
2025/02/11 (10:13:25) | WARNING: ROCm SMI: Failed to get GPU power usage
2025/02/11 (10:13:25) | WARNING: ROCm SMI: Failed to get PCIe throughput

2025/02/13 (10:03:15) | ===> btop++ v.1.4.0
2025/02/13 (10:03:15) | WARNING: ROCm SMI: Failed to get maximum GPU power draw, defaulting to 225W
2025/02/13 (10:03:15) | WARNING: ROCm SMI: Failed to get maximum GPU temperature, defaulting to 110°C
2025/02/13 (10:03:15) | WARNING: ROCm SMI: Failed to get VRAM utilization
2025/02/13 (10:03:15) | WARNING: ROCm SMI: Failed to get GPU power usage
2025/02/13 (10:03:15) | WARNING: ROCm SMI: Failed to get PCIe throughput

2025/02/13 (10:03:16) | ===> btop++ v.1.4.0
2025/02/13 (10:03:16) | WARNING: ROCm SMI: Failed to get maximum GPU power draw, defaulting to 225W
2025/02/13 (10:03:16) | WARNING: ROCm SMI: Failed to get maximum GPU temperature, defaulting to 110°C
2025/02/13 (10:03:16) | WARNING: ROCm SMI: Failed to get VRAM utilization
2025/02/13 (10:03:16) | WARNING: ROCm SMI: Failed to get GPU power usage
2025/02/13 (10:03:16) | WARNING: ROCm SMI: Failed to get PCIe throughput

2025/02/15 (10:09:41) | ===> btop++ v.1.4.0
2025/02/15 (10:09:41) | WARNING: ROCm SMI: Failed to get maximum GPU power draw, defaulting to 225W
2025/02/15 (10:09:41) | WARNING: ROCm SMI: Failed to get maximum GPU temperature, defaulting to 110°C
2025/02/15 (10:09:41) | WARNING: ROCm SMI: Failed to get VRAM utilization
2025/02/15 (10:09:41) | WARNING: ROCm SMI: Failed to get GPU power usage
2025/02/15 (10:09:41) | WARNING: ROCm SMI: Failed to get PCIe throughput

2025/02/15 (10:09:47) | ===> btop++ v.1.4.0
2025/02/15 (10:09:47) | WARNING: ROCm SMI: Failed to get maximum GPU power draw, defaulting to 225W
2025/02/15 (10:09:47) | WARNING: ROCm SMI: Failed to get maximum GPU temperature, defaulting to 110°C
2025/02/15 (10:09:47) | WARNING: ROCm SMI: Failed to get VRAM utilization
2025/02/15 (10:09:47) | WARNING: ROCm SMI: Failed to get GPU power usage
2025/02/15 (10:09:47) | WARNING: ROCm SMI: Failed to get PCIe throughput

2025/02/15 (15:04:51) | ===> btop++ v.1.4.0
2025/02/15 (15:04:51) | WARNING: ROCm SMI: Failed to get maximum GPU power draw, defaulting to 225W
2025/02/15 (15:04:51) | WARNING: ROCm SMI: Failed to get maximum GPU temperature, defaulting to 110°C
2025/02/15 (15:04:51) | WARNING: ROCm SMI: Failed to get VRAM utilization
2025/02/15 (15:04:51) | WARNING: ROCm SMI: Failed to get GPU power usage
2025/02/15 (15:04:51) | WARNING: ROCm SMI: Failed to get PCIe throughput

2025/02/17 (10:39:50) | ===> btop++ v.1.4.0
2025/02/17 (10:39:50) | WARNING: ROCm SMI: Failed to get maximum GPU power draw, defaulting to 225W
2025/02/17 (10:39:50) | WARNING: ROCm SMI: Failed to get maximum GPU temperature, defaulting to 110°C
2025/02/17 (10:39:50) | WARNING: ROCm SMI: Failed to get VRAM utilization
2025/02/17 (10:39:50) | WARNING: ROCm SMI: Failed to get GPU power usage
2025/02/17 (10:39:50) | WARNING: ROCm SMI: Failed to get PCIe throughput

2025/02/18 (18:24:53) | ===> btop++ v.1.4.0
2025/02/18 (18:24:53) | WARNING: ROCm SMI: Failed to get maximum GPU power draw, defaulting to 225W
2025/02/18 (18:24:53) | WARNING: ROCm SMI: Failed to get maximum GPU temperature, defaulting to 110°C
2025/02/18 (18:24:53) | WARNING: ROCm SMI: Failed to get VRAM utilization
2025/02/18 (18:24:53) | WARNING: ROCm SMI: Failed to get GPU power usage
2025/02/18 (18:24:53) | WARNING: ROCm SMI: Failed to get PCIe throughput

2025/02/18 (19:57:59) | ===> btop++ v.1.4.0
2025/02/18 (19:57:59) | WARNING: ROCm SMI: Failed to get maximum GPU power draw, defaulting to 225W
2025/02/18 (19:57:59) | WARNING: ROCm SMI: Failed to get maximum GPU temperature, defaulting to 110°C
2025/02/18 (19:57:59) | WARNING: ROCm SMI: Failed to get VRAM utilization
2025/02/18 (19:57:59) | WARNING: ROCm SMI: Failed to get GPU power usage
2025/02/18 (19:57:59) | WARNING: ROCm SMI: Failed to get PCIe throughput

2025/02/20 (16:44:03) | ===> btop++ v.1.4.0
2025/02/20 (16:44:03) | WARNING: ROCm SMI: Failed to get maximum GPU power draw, defaulting to 225W
2025/02/20 (16:44:03) | WARNING: ROCm SMI: Failed to get maximum GPU temperature, defaulting to 110°C
2025/02/20 (16:44:03) | WARNING: ROCm SMI: Failed to get VRAM utilization
2025/02/20 (16:44:03) | WARNING: ROCm SMI: Failed to get GPU power usage
2025/02/20 (16:44:03) | WARNING: ROCm SMI: Failed to get PCIe throughput

2025/02/20 (16:44:04) | ===> btop++ v.1.4.0
2025/02/20 (16:44:04) | WARNING: ROCm SMI: Failed to get maximum GPU power draw, defaulting to 225W
2025/02/20 (16:44:04) | WARNING: ROCm SMI: Failed to get maximum GPU temperature, defaulting to 110°C
2025/02/20 (16:44:04) | WARNING: ROCm SMI: Failed to get VRAM utilization
2025/02/20 (16:44:04) | WARNING: ROCm SMI: Failed to get GPU power usage
2025/02/20 (16:44:04) | WARNING: ROCm SMI: Failed to get PCIe throughput

2025/02/24 (19:40:09) | ===> btop++ v.1.4.0
2025/02/24 (19:40:09) | WARNING: ROCm SMI: Failed to get maximum GPU power draw, defaulting to 225W
2025/02/24 (19:40:09) | WARNING: ROCm SMI: Failed to get maximum GPU temperature, defaulting to 110°C
2025/02/24 (19:40:09) | WARNING: ROCm SMI: Failed to get VRAM utilization
2025/02/24 (19:40:09) | WARNING: ROCm SMI: Failed to get GPU power usage
2025/02/24 (19:40:09) | WARNING: ROCm SMI: Failed to get PCIe throughput

2025/02/24 (19:40:12) | ===> btop++ v.1.4.0
2025/02/24 (19:40:12) | WARNING: ROCm SMI: Failed to get maximum GPU power draw, defaulting to 225W
2025/02/24 (19:40:12) | WARNING: ROCm SMI: Failed to get maximum GPU temperature, defaulting to 110°C
2025/02/24 (19:40:12) | WARNING: ROCm SMI: Failed to get VRAM utilization
2025/02/24 (19:40:12) | WARNING: ROCm SMI: Failed to get GPU power usage
2025/02/24 (19:40:12) | WARNING: ROCm SMI: Failed to get PCIe throughput

2025/02/26 (18:11:32) | ===> btop++ v.1.4.0
2025/02/26 (18:11:32) | WARNING: ROCm SMI: Failed to get maximum GPU power draw, defaulting to 225W
2025/02/26 (18:11:32) | WARNING: ROCm SMI: Failed to get maximum GPU temperature, defaulting to 110°C
2025/02/26 (18:11:32) | WARNING: ROCm SMI: Failed to get VRAM utilization
2025/02/26 (18:11:32) | WARNING: ROCm SMI: Failed to get GPU power usage
2025/02/26 (18:11:32) | WARNING: ROCm SMI: Failed to get PCIe throughput

2025/02/26 (18:12:03) | ===> btop++ v.1.4.0
2025/02/26 (18:12:03) | WARNING: ROCm SMI: Failed to get maximum GPU power draw, defaulting to 225W
2025/02/26 (18:12:03) | WARNING: ROCm SMI: Failed to get maximum GPU temperature, defaulting to 110°C
2025/02/26 (18:12:03) | WARNING: ROCm SMI: Failed to get VRAM utilization
2025/02/26 (18:12:03) | WARNING: ROCm SMI: Failed to get GPU power usage
2025/02/26 (18:12:03) | WARNING: ROCm SMI: Failed to get PCIe throughput

2025/02/26 (18:14:57) | ===> btop++ v.1.4.0
2025/02/26 (18:14:57) | WARNING: ROCm SMI: Failed to get maximum GPU power draw, defaulting to 225W
2025/02/26 (18:14:57) | WARNING: ROCm SMI: Failed to get maximum GPU temperature, defaulting to 110°C
2025/02/26 (18:14:57) | WARNING: ROCm SMI: Failed to get VRAM utilization
2025/02/26 (18:14:57) | WARNING: ROCm SMI: Failed to get GPU power usage
2025/02/26 (18:14:57) | WARNING: ROCm SMI: Failed to get PCIe throughput

2025/02/26 (18:16:16) | ===> btop++ v.1.4.0
2025/02/26 (18:16:16) | WARNING: ROCm SMI: Failed to get maximum GPU power draw, defaulting to 225W
2025/02/26 (18:16:16) | WARNING: ROCm SMI: Failed to get maximum GPU temperature, defaulting to 110°C
2025/02/26 (18:16:16) | WARNING: ROCm SMI: Failed to get VRAM utilization
2025/02/26 (18:16:16) | WARNING: ROCm SMI: Failed to get GPU power usage
2025/02/26 (18:16:16) | WARNING: ROCm SMI: Failed to get PCIe throughput

2025/02/26 (18:16:51) | ===> btop++ v.1.4.0
2025/02/26 (18:16:51) | WARNING: ROCm SMI: Failed to get maximum GPU power draw, defaulting to 225W
2025/02/26 (18:16:51) | WARNING: ROCm SMI: Failed to get maximum GPU temperature, defaulting to 110°C
2025/02/26 (18:16:51) | WARNING: ROCm SMI: Failed to get VRAM utilization
2025/02/26 (18:16:51) | WARNING: ROCm SMI: Failed to get GPU power usage
2025/02/26 (18:16:51) | WARNING: ROCm SMI: Failed to get PCIe throughput

2025/02/28 (10:51:06) | ===> btop++ v.1.4.0
2025/02/28 (10:51:06) | WARNING: ROCm SMI: Failed to get maximum GPU power draw, defaulting to 225W
2025/02/28 (10:51:06) | WARNING: ROCm SMI: Failed to get maximum GPU temperature, defaulting to 110°C
2025/02/28 (10:51:06) | WARNING: ROCm SMI: Failed to get VRAM utilization
2025/02/28 (10:51:06) | WARNING: ROCm SMI: Failed to get GPU power usage
2025/02/28 (10:51:06) | WARNING: ROCm SMI: Failed to get PCIe throughput

2025/03/03 (23:48:51) | ===> btop++ v.1.4.0
2025/03/03 (23:48:51) | WARNING: ROCm SMI: Failed to get maximum GPU power draw, defaulting to 225W
2025/03/03 (23:48:51) | WARNING: ROCm SMI: Failed to get maximum GPU temperature, defaulting to 110°C
2025/03/03 (23:48:51) | WARNING: ROCm SMI: Failed to get VRAM utilization
2025/03/03 (23:48:51) | WARNING: ROCm SMI: Failed to get GPU power usage
2025/03/03 (23:48:51) | WARNING: ROCm SMI: Failed to get PCIe throughput

2025/03/03 (23:48:56) | ===> btop++ v.1.4.0
2025/03/03 (23:48:56) | WARNING: ROCm SMI: Failed to get maximum GPU power draw, defaulting to 225W
2025/03/03 (23:48:56) | WARNING: ROCm SMI: Failed to get maximum GPU temperature, defaulting to 110°C
2025/03/03 (23:48:56) | WARNING: ROCm SMI: Failed to get VRAM utilization
2025/03/03 (23:48:56) | WARNING: ROCm SMI: Failed to get GPU power usage
2025/03/03 (23:48:56) | WARNING: ROCm SMI: Failed to get PCIe throughput

2025/03/04 (15:00:24) | ===> btop++ v.1.4.0
2025/03/04 (15:00:24) | WARNING: ROCm SMI: Failed to get maximum GPU power draw, defaulting to 225W
2025/03/04 (15:00:24) | WARNING: ROCm SMI: Failed to get maximum GPU temperature, defaulting to 110°C
2025/03/04 (15:00:24) | WARNING: ROCm SMI: Failed to get VRAM utilization
2025/03/04 (15:00:24) | WARNING: ROCm SMI: Failed to get GPU power usage
2025/03/04 (15:00:24) | WARNING: ROCm SMI: Failed to get PCIe throughput

2025/03/04 (15:04:38) | ===> btop++ v.1.4.0
2025/03/04 (15:04:38) | WARNING: ROCm SMI: Failed to get maximum GPU power draw, defaulting to 225W
2025/03/04 (15:04:38) | WARNING: ROCm SMI: Failed to get maximum GPU temperature, defaulting to 110°C
2025/03/04 (15:04:38) | WARNING: ROCm SMI: Failed to get VRAM utilization
2025/03/04 (15:04:38) | WARNING: ROCm SMI: Failed to get GPU power usage
2025/03/04 (15:04:38) | WARNING: ROCm SMI: Failed to get PCIe throughput

2025/03/06 (01:06:56) | ===> btop++ v.1.4.0
2025/03/06 (01:06:56) | WARNING: ROCm SMI: Failed to get maximum GPU power draw, defaulting to 225W
2025/03/06 (01:06:56) | WARNING: ROCm SMI: Failed to get maximum GPU temperature, defaulting to 110°C
2025/03/06 (01:06:56) | WARNING: ROCm SMI: Failed to get VRAM utilization
2025/03/06 (01:06:56) | WARNING: ROCm SMI: Failed to get GPU power usage
2025/03/06 (01:06:56) | WARNING: ROCm SMI: Failed to get PCIe throughput

2025/03/06 (01:32:25) | ===> btop++ v.1.4.0
2025/03/06 (01:32:25) | WARNING: ROCm SMI: Failed to get maximum GPU power draw, defaulting to 225W
2025/03/06 (01:32:25) | WARNING: ROCm SMI: Failed to get maximum GPU temperature, defaulting to 110°C
2025/03/06 (01:32:25) | WARNING: ROCm SMI: Failed to get VRAM utilization
2025/03/06 (01:32:25) | WARNING: ROCm SMI: Failed to get GPU power usage
2025/03/06 (01:32:25) | WARNING: ROCm SMI: Failed to get PCIe throughput

2025/03/06 (01:32:30) | ===> btop++ v.1.4.0
2025/03/06 (01:32:30) | WARNING: ROCm SMI: Failed to get maximum GPU power draw, defaulting to 225W
2025/03/06 (01:32:30) | WARNING: ROCm SMI: Failed to get maximum GPU temperature, defaulting to 110°C
2025/03/06 (01:32:30) | WARNING: ROCm SMI: Failed to get VRAM utilization
2025/03/06 (01:32:30) | WARNING: ROCm SMI: Failed to get GPU power usage
2025/03/06 (01:32:30) | WARNING: ROCm SMI: Failed to get PCIe throughput

2025/03/08 (02:01:05) | ===> btop++ v.1.4.0
2025/03/08 (02:01:05) | WARNING: ROCm SMI: Failed to get maximum GPU power draw, defaulting to 225W
2025/03/08 (02:01:05) | WARNING: ROCm SMI: Failed to get maximum GPU temperature, defaulting to 110°C
2025/03/08 (02:01:05) | WARNING: ROCm SMI: Failed to get VRAM utilization
2025/03/08 (02:01:05) | WARNING: ROCm SMI: Failed to get GPU power usage
2025/03/08 (02:01:05) | WARNING: ROCm SMI: Failed to get PCIe throughput

2025/03/08 (02:02:30) | ===> btop++ v.1.4.0
2025/03/08 (02:02:30) | WARNING: ROCm SMI: Failed to get maximum GPU power draw, defaulting to 225W
2025/03/08 (02:02:30) | WARNING: ROCm SMI: Failed to get maximum GPU temperature, defaulting to 110°C
2025/03/08 (02:02:30) | WARNING: ROCm SMI: Failed to get VRAM utilization
2025/03/08 (02:02:30) | WARNING: ROCm SMI: Failed to get GPU power usage
2025/03/08 (02:02:30) | WARNING: ROCm SMI: Failed to get PCIe throughput

2025/03/17 (00:54:01) | ===> btop++ v.1.4.0
2025/03/17 (00:54:01) | WARNING: ROCm SMI: Failed to get maximum GPU power draw, defaulting to 225W
2025/03/17 (00:54:01) | WARNING: ROCm SMI: Failed to get maximum GPU temperature, defaulting to 110°C
2025/03/17 (00:54:01) | WARNING: ROCm SMI: Failed to get VRAM utilization
2025/03/17 (00:54:01) | WARNING: ROCm SMI: Failed to get GPU power usage
2025/03/17 (00:54:01) | WARNING: ROCm SMI: Failed to get PCIe throughput

2025/03/17 (20:04:58) | ===> btop++ v.1.4.0
2025/03/17 (20:04:58) | WARNING: ROCm SMI: Failed to get maximum GPU power draw, defaulting to 225W
2025/03/17 (20:04:58) | WARNING: ROCm SMI: Failed to get maximum GPU temperature, defaulting to 110°C
2025/03/17 (20:04:58) | WARNING: ROCm SMI: Failed to get VRAM utilization
2025/03/17 (20:04:58) | WARNING: ROCm SMI: Failed to get GPU power usage
2025/03/17 (20:04:58) | WARNING: ROCm SMI: Failed to get PCIe throughput

2025/03/17 (20:05:35) | ===> btop++ v.1.4.0
2025/03/17 (20:05:35) | WARNING: ROCm SMI: Failed to get maximum GPU power draw, defaulting to 225W
2025/03/17 (20:05:35) | WARNING: ROCm SMI: Failed to get maximum GPU temperature, defaulting to 110°C
2025/03/17 (20:05:35) | WARNING: ROCm SMI: Failed to get VRAM utilization
2025/03/17 (20:05:35) | WARNING: ROCm SMI: Failed to get GPU power usage
2025/03/17 (20:05:35) | WARNING: ROCm SMI: Failed to get PCIe throughput

2025/03/19 (22:54:36) | ===> btop++ v.1.4.0
2025/03/19 (22:54:36) | WARNING: ROCm SMI: Failed to get maximum GPU power draw, defaulting to 225W
2025/03/19 (22:54:36) | WARNING: ROCm SMI: Failed to get maximum GPU temperature, defaulting to 110°C
2025/03/19 (22:54:36) | WARNING: ROCm SMI: Failed to get VRAM utilization
2025/03/19 (22:54:36) | WARNING: ROCm SMI: Failed to get GPU power usage
2025/03/19 (22:54:36) | WARNING: ROCm SMI: Failed to get PCIe throughput

2025/03/20 (21:43:18) | ===> btop++ v.1.4.0
2025/03/20 (21:43:18) | WARNING: ROCm SMI: Failed to get maximum GPU power draw, defaulting to 225W
2025/03/20 (21:43:18) | WARNING: ROCm SMI: Failed to get maximum GPU temperature, defaulting to 110°C
2025/03/20 (21:43:18) | WARNING: ROCm SMI: Failed to get VRAM utilization
2025/03/20 (21:43:18) | WARNING: ROCm SMI: Failed to get GPU power usage
2025/03/20 (21:43:18) | WARNING: ROCm SMI: Failed to get PCIe throughput

2025/03/22 (08:09:47) | ===> btop++ v.1.4.0
2025/03/22 (08:09:47) | WARNING: ROCm SMI: Failed to get maximum GPU power draw, defaulting to 225W
2025/03/22 (08:09:47) | WARNING: ROCm SMI: Failed to get maximum GPU temperature, defaulting to 110°C
2025/03/22 (08:09:47) | WARNING: ROCm SMI: Failed to get VRAM utilization
2025/03/22 (08:09:47) | WARNING: ROCm SMI: Failed to get GPU power usage
2025/03/22 (08:09:47) | WARNING: ROCm SMI: Failed to get PCIe throughput

2025/03/22 (08:12:47) | ===> btop++ v.1.4.0
2025/03/22 (08:12:47) | WARNING: ROCm SMI: Failed to get maximum GPU power draw, defaulting to 225W
2025/03/22 (08:12:47) | WARNING: ROCm SMI: Failed to get maximum GPU temperature, defaulting to 110°C
2025/03/22 (08:12:47) | WARNING: ROCm SMI: Failed to get VRAM utilization
2025/03/22 (08:12:47) | WARNING: ROCm SMI: Failed to get GPU power usage
2025/03/22 (08:12:47) | WARNING: ROCm SMI: Failed to get PCIe throughput

2025/03/27 (21:34:02) | ===> btop++ v.1.4.0
2025/03/27 (21:34:02) | WARNING: ROCm SMI: Failed to get maximum GPU power draw, defaulting to 225W
2025/03/27 (21:34:02) | WARNING: ROCm SMI: Failed to get maximum GPU temperature, defaulting to 110°C
2025/03/27 (21:34:02) | WARNING: ROCm SMI: Failed to get VRAM utilization
2025/03/27 (21:34:02) | WARNING: ROCm SMI: Failed to get GPU power usage
2025/03/27 (21:34:02) | WARNING: ROCm SMI: Failed to get PCIe throughput

2025/03/27 (21:52:56) | ===> btop++ v.1.4.0
2025/03/27 (21:52:56) | WARNING: ROCm SMI: Failed to get maximum GPU power draw, defaulting to 225W
2025/03/27 (21:52:56) | WARNING: ROCm SMI: Failed to get maximum GPU temperature, defaulting to 110°C
2025/03/27 (21:52:56) | WARNING: ROCm SMI: Failed to get VRAM utilization
2025/03/27 (21:52:56) | WARNING: ROCm SMI: Failed to get GPU power usage
2025/03/27 (21:52:56) | WARNING: ROCm SMI: Failed to get PCIe throughput

2025/03/29 (11:15:12) | ===> btop++ v.1.4.0
2025/03/29 (11:15:12) | WARNING: ROCm SMI: Failed to get maximum GPU power draw, defaulting to 225W
2025/03/29 (11:15:12) | WARNING: ROCm SMI: Failed to get maximum GPU temperature, defaulting to 110°C
2025/03/29 (11:15:12) | WARNING: ROCm SMI: Failed to get VRAM utilization
2025/03/29 (11:15:12) | WARNING: ROCm SMI: Failed to get GPU power usage
2025/03/29 (11:15:12) | WARNING: ROCm SMI: Failed to get PCIe throughput

2025/03/30 (08:49:37) | ===> btop++ v.1.4.0
2025/03/30 (08:49:37) | WARNING: ROCm SMI: Failed to get maximum GPU power draw, defaulting to 225W
2025/03/30 (08:49:37) | WARNING: ROCm SMI: Failed to get maximum GPU temperature, defaulting to 110°C
2025/03/30 (08:49:37) | WARNING: ROCm SMI: Failed to get VRAM utilization
2025/03/30 (08:49:37) | WARNING: ROCm SMI: Failed to get GPU power usage
2025/03/30 (08:49:37) | WARNING: ROCm SMI: Failed to get PCIe throughput

2025/03/30 (17:53:48) | ===> btop++ v.1.4.0
2025/03/30 (17:53:48) | WARNING: ROCm SMI: Failed to get maximum GPU power draw, defaulting to 225W
2025/03/30 (17:53:48) | WARNING: ROCm SMI: Failed to get maximum GPU temperature, defaulting to 110°C
2025/03/30 (17:53:48) | WARNING: ROCm SMI: Failed to get VRAM utilization
2025/03/30 (17:53:48) | WARNING: ROCm SMI: Failed to get GPU power usage
2025/03/30 (17:53:48) | WARNING: ROCm SMI: Failed to get PCIe throughput

2025/03/30 (17:53:53) | ===> btop++ v.1.4.0
2025/03/30 (17:53:53) | WARNING: ROCm SMI: Failed to get maximum GPU power draw, defaulting to 225W
2025/03/30 (17:53:53) | WARNING: ROCm SMI: Failed to get maximum GPU temperature, defaulting to 110°C
2025/03/30 (17:53:53) | WARNING: ROCm SMI: Failed to get VRAM utilization
2025/03/30 (17:53:53) | WARNING: ROCm SMI: Failed to get GPU power usage
2025/03/30 (17:53:53) | WARNING: ROCm SMI: Failed to get PCIe throughput

2025/04/03 (06:03:37) | ===> btop++ v.1.4.0
2025/04/03 (06:03:37) | WARNING: ROCm SMI: Failed to get maximum GPU power draw, defaulting to 225W
2025/04/03 (06:03:37) | WARNING: ROCm SMI: Failed to get maximum GPU temperature, defaulting to 110°C
2025/04/03 (06:03:37) | WARNING: ROCm SMI: Failed to get VRAM utilization
2025/04/03 (06:03:37) | WARNING: ROCm SMI: Failed to get GPU power usage
2025/04/03 (06:03:37) | WARNING: ROCm SMI: Failed to get PCIe throughput

2025/04/04 (16:56:51) | ===> btop++ v.1.4.0
2025/04/04 (16:56:51) | WARNING: ROCm SMI: Failed to get maximum GPU power draw, defaulting to 225W
2025/04/04 (16:56:51) | WARNING: ROCm SMI: Failed to get maximum GPU temperature, defaulting to 110°C
2025/04/04 (16:56:51) | WARNING: ROCm SMI: Failed to get VRAM utilization
2025/04/04 (16:56:51) | WARNING: ROCm SMI: Failed to get GPU power usage
2025/04/04 (16:56:51) | WARNING: ROCm SMI: Failed to get PCIe throughput

2025/04/11 (19:47:04) | ===> btop++ v.1.4.0
2025/04/11 (19:47:04) | WARNING: ROCm SMI: Failed to get maximum GPU power draw, defaulting to 225W
2025/04/11 (19:47:04) | WARNING: ROCm SMI: Failed to get maximum GPU temperature, defaulting to 110°C
2025/04/11 (19:47:04) | WARNING: ROCm SMI: Failed to get VRAM utilization
2025/04/11 (19:47:04) | WARNING: ROCm SMI: Failed to get GPU power usage
2025/04/11 (19:47:04) | WARNING: ROCm SMI: Failed to get PCIe throughput

2025/05/12 (16:46:57) | ===> btop++ v.1.4.0
2025/05/12 (16:46:57) | ERROR: Couldn't determine terminal size of "STDOUT_FILENO"!
